e:\janetsky, adam lab 7 2a\janetsky, adam lab 7 2a\debug\list.obj
e:\janetsky, adam lab 7 2a\janetsky, adam lab 7 2a\debug\main.obj
e:\janetsky, adam lab 7 2a\janetsky, adam lab 7 2a\debug\vc100.pdb
e:\janetsky, adam lab 7 2a - copy\janetsky, adam lab 7 2a\debug\list.obj
e:\janetsky, adam lab 7 2a - copy\janetsky, adam lab 7 2a\debug\main.obj
e:\janetsky, adam lab 7 2a - copy\janetsky, adam lab 7 2a\debug\vc100.pdb
e:\janetsky, adam lab 7 2a\janetsky, adam lab 7 2a\debug\janetsky, adam lab 7 2a.exe.embed.manifest.res
e:\janetsky, adam lab 7 2a - copy\janetsky, adam lab 7 2a\debug\janetsky, adam lab 7 2a.exe.embed.manifest.res
e:\janetsky, adam lab 7 2a\debug\janetsky, adam lab 7 2a.ilk
e:\janetsky, adam lab 7 2a\debug\janetsky, adam lab 7 2a.exe
e:\janetsky, adam lab 7 2a\janetsky, adam lab 7 2a\debug\janetsky, adam lab 7 2a.exe.intermediate.manifest
e:\janetsky, adam lab 7 2a\debug\janetsky, adam lab 7 2a.pdb
e:\janetsky, adam lab 7 2a\janetsky, adam lab 7 2a\debug\janetsky, adam lab 7 2a.exe.embed.manifest
i:\janetsky, adam lab 7 2a - copy\janetsky, adam lab 7 2a\debug\vc140.pdb
i:\janetsky, adam lab 7 2a - copy\janetsky, adam lab 7 2a\debug\vc140.idb
i:\janetsky, adam lab 7 2a - copy\janetsky, adam lab 7 2a\debug\list.obj
i:\janetsky, adam lab 7 2a - copy\janetsky, adam lab 7 2a\debug\main.obj
i:\janetsky, adam lab 7 2a - copy\janetsky, adam lab 7 2a\debug\janetsky, adam lab 7 2a.vcxprojresolveassemblyreference.cache
i:\janetsky, adam lab 7 2a - copy\janetsky, adam lab 7 2a\debug\janetsky, adam lab 7 2a.write.1.tlog
i:\janetsky, adam lab 7 2a - copy\janetsky, adam lab 7 2a\debug\cl.read.1.tlog
i:\janetsky, adam lab 7 2a - copy\janetsky, adam lab 7 2a\debug\cl.write.1.tlog
i:\janetsky, adam lab 7 2a - copy\janetsky, adam lab 7 2a\debug\cl.command.1.tlog
i:\janetsky, adam lab 7 2a - copy\janetsky, adam lab 7 2a\debug\rc.read.1.tlog
i:\janetsky, adam lab 7 2a - copy\janetsky, adam lab 7 2a\debug\rc.write.1.tlog
i:\janetsky, adam lab 7 2a - copy\janetsky, adam lab 7 2a\debug\rc.command.1.tlog
i:\janetsky, adam lab 7 2a - copy\janetsky, adam lab 7 2a\debug\link-cvtres.read.1.tlog
i:\janetsky, adam lab 7 2a - copy\janetsky, adam lab 7 2a\debug\link-cvtres.write.1.tlog
i:\janetsky, adam lab 7 2a - copy\janetsky, adam lab 7 2a\debug\link.read.1.tlog
i:\janetsky, adam lab 7 2a - copy\janetsky, adam lab 7 2a\debug\link.write.1.tlog
i:\janetsky, adam lab 7 2a - copy\janetsky, adam lab 7 2a\debug\link.command.1.tlog
i:\janetsky, adam lab 7 2a - copy\janetsky, adam lab 7 2a\debug\mt.read.1.tlog
i:\janetsky, adam lab 7 2a - copy\janetsky, adam lab 7 2a\debug\mt.write.1.tlog
i:\janetsky, adam lab 7 2a - copy\janetsky, adam lab 7 2a\debug\mt.command.1.tlog
i:\janetsky, adam lab 7 2a - copy\janetsky, adam lab 7 2a\debug\link.5768-cvtres.read.1.tlog
i:\janetsky, adam lab 7 2a - copy\janetsky, adam lab 7 2a\debug\link.5768-cvtres.write.1.tlog
i:\janetsky, adam lab 7 2a - copy\janetsky, adam lab 7 2a\debug\link.5768.read.1.tlog
i:\janetsky, adam lab 7 2a - copy\janetsky, adam lab 7 2a\debug\link.5768.write.1.tlog
i:\janetsky, adam lab 7 2a - copy\janetsky, adam lab 7 2a\debug\janetsky, adam lab 7 2a.exe.embed.manifest
i:\janetsky, adam lab 7 2a - copy\janetsky, adam lab 7 2a\debug\janetsky, adam lab 7 2a.exe.intermediate.manifest
i:\janetsky, adam lab 7 2a - copy\janetsky, adam lab 7 2a\debug\janetsky, adam lab 7 2a.exe.embed.manifest.res
i:\janetsky, adam lab 7 2a - copy\janetsky, adam lab 7 2a\debug\vc100.idb
i:\janetsky, adam lab 7 2a - copy\janetsky, adam lab 7 2a\debug\vc100.pdb
i:\janetsky, adam lab 7 2a - copy\janetsky, adam lab 7 2a\debug\janetsky, adam lab 7 2a_manifest.rc
i:\janetsky, adam lab 7 2a - copy\debug\janetsky, adam lab 7 2a.pdb
i:\janetsky, adam lab 7 2a - copy\janetsky, adam lab 7 2a\debug\janetsky.f99a8ce3.tlog\cl.read.1.tlog
i:\janetsky, adam lab 7 2a - copy\janetsky, adam lab 7 2a\debug\janetsky.f99a8ce3.tlog\cl.write.1.tlog
i:\janetsky, adam lab 7 2a - copy\janetsky, adam lab 7 2a\debug\janetsky.f99a8ce3.tlog\cl.command.1.tlog
i:\janetsky, adam lab 7 2a - copy\janetsky, adam lab 7 2a\debug\janetsky.f99a8ce3.tlog\link-rc.read.1.tlog
i:\janetsky, adam lab 7 2a - copy\janetsky, adam lab 7 2a\debug\janetsky.f99a8ce3.tlog\link-rc.write.1.tlog
i:\janetsky, adam lab 7 2a - copy\janetsky, adam lab 7 2a\debug\janetsky.f99a8ce3.tlog\link-cvtres.read.1.tlog
i:\janetsky, adam lab 7 2a - copy\janetsky, adam lab 7 2a\debug\janetsky.f99a8ce3.tlog\link-cvtres.write.1.tlog
i:\janetsky, adam lab 7 2a - copy\janetsky, adam lab 7 2a\debug\janetsky.f99a8ce3.tlog\link.read.1.tlog
i:\janetsky, adam lab 7 2a - copy\janetsky, adam lab 7 2a\debug\janetsky.f99a8ce3.tlog\link.write.1.tlog
i:\janetsky, adam lab 7 2a - copy\janetsky, adam lab 7 2a\debug\janetsky.f99a8ce3.tlog\link.command.1.tlog
